<?xml version="1.0" encoding="UTF-8" ?>
<testsuite errors="0" skipped="0" tests="2" time="0.311" failures="0" name="de.micromata.hib3.model.UserTest">
  <properties>
    <property value="Apple Inc." name="java.vendor"/>
    <property value="/Network/Servers/doom.micromata.priv/Users/mgross/.m2/repository" name="localRepository"/>
    <property value="SUN_STANDARD" name="sun.java.launcher"/>
    <property value="HotSpot Client Compiler" name="sun.management.compiler"/>
    <property value="6b3780" name="env.SECURITYSESSIONID"/>
    <property value="Mac OS X" name="os.name"/>
    <property value="/System/Library/Frameworks/JavaVM.framework/Versions/1.5.0/Classes/classes.jar:/System/Library/Frameworks/JavaVM.framework/Versions/1.5.0/Classes/ui.jar:/System/Library/Frameworks/JavaVM.framework/Versions/1.5.0/Classes/laf.jar:/System/Library/Frameworks/JavaVM.framework/Versions/1.5.0/Classes/sunrsasign.jar:/System/Library/Frameworks/JavaVM.framework/Versions/1.5.0/Classes/jsse.jar:/System/Library/Frameworks/JavaVM.framework/Versions/1.5.0/Classes/jce.jar:/System/Library/Frameworks/JavaVM.framework/Versions/1.5.0/Classes/charsets.jar" name="sun.boot.class.path"/>
    <property value="/var/folders/p5/p5ny6y7TGASegcMQWFzT7U++-+U/-Tmp-/" name="env.TMPDIR"/>
    <property value="Sun Microsystems Inc." name="java.vm.specification.vendor"/>
    <property value="1.5.0_16-b06-284" name="java.runtime.version"/>
    <property value="/tmp/launch-QDS4GB/Render" name="env.Apple_PubSub_Socket_Render"/>
    <property value="/tmp/launch-wStEpG/:0" name="env.DISPLAY"/>
    <property value="mgross" name="user.name"/>
    <property value="../Resources/Eclipse.icns" name="env.APP_ICON_167"/>
    <property value="mgross" name="env.USER"/>
    <property value="/bin/bash" name="env.SHELL"/>
    <property value="0x408:0:3" name="env.__CF_USER_TEXT_ENCODING"/>
    <property value="true" name="awt.nativeDoubleBuffering"/>
    <property value="/usr/bin:/bin:/usr/sbin:/sbin" name="env.PATH"/>
    <property value="de" name="user.language"/>
    <property value="/System/Library/Frameworks/JavaVM.framework/Versions/1.5.0/Libraries" name="sun.boot.library.path"/>
    <property value="/Network/Servers/doom.micromata.priv/Users/mgross/development/workspace_hibernateHistory/.metadata/.plugins/org.maven.ide.eclipse/launches/m2conf55767.tmp" name="classworlds.conf"/>
    <property value="1.5.0_16" name="java.version"/>
    <property value="Europe/Berlin" name="user.timezone"/>
    <property value="32" name="sun.arch.data.model"/>
    <property value="local|*.local|169.254/16|*.169.254/16" name="http.nonProxyHosts"/>
    <property value="/System/Library/Frameworks/JavaVM.framework/Versions/1.5.0/Home/lib/endorsed" name="java.endorsed.dirs"/>
    <property value="" name="sun.cpu.isalist"/>
    <property value="MacRoman" name="sun.jnu.encoding"/>
    <property value="sun.io" name="file.encoding.pkg"/>
    <property value="1" name="env.JAVA_STARTED_ON_FIRST_THREAD_285"/>
    <property value="/" name="file.separator"/>
    <property value="Java Platform API Specification" name="java.specification.name"/>
    <property value="49.0" name="java.class.version"/>
    <property value="DE" name="user.country"/>
    <property value="/System/Library/Frameworks/JavaVM.framework/Versions/1.5.0/Home" name="java.home"/>
    <property value="mixed mode, sharing" name="java.vm.info"/>
    <property value="mgross" name="env.LOGNAME"/>
    <property value="10.5.6" name="os.version"/>
    <property value="org.codehaus.classworlds.Launcher" name="env.JAVA_MAIN_CLASS_915"/>
    <property value=":" name="path.separator"/>
    <property value="1.5.0_16-133" name="java.vm.version"/>
    <property value="apple.awt.CPrinterJob" name="java.awt.printerjob"/>
    <property value="UnicodeLittle" name="sun.io.unicode.encoding"/>
    <property value="apple.awt.CToolkit" name="awt.toolkit"/>
    <property value="local|*.local|169.254/16|*.169.254/16" name="socksNonProxyHosts"/>
    <property value="local|*.local|169.254/16|*.169.254/16" name="ftp.nonProxyHosts"/>
    <property value="/Network/Servers/doom.micromata.priv/Users/mgross" name="user.home"/>
    <property value="Sun Microsystems Inc." name="java.specification.vendor"/>
    <property value=".:/Library/Java/Extensions:/System/Library/Java/Extensions:/usr/lib/java" name="java.library.path"/>
    <property value="http://www.apple.com/" name="java.vendor.url"/>
    <property value="Apple Inc." name="java.vm.vendor"/>
    <property value="false" name="gopherProxySet"/>
    <property value="EMBEDDED" name="maven.home"/>
    <property value="Java(TM) 2 Runtime Environment, Standard Edition" name="java.runtime.name"/>
    <property value="/Users/Shared/eclipse_ganymed_sr2/plugins/org.maven.ide.components.maven_embedder_2.1.0.20080530-2300/jars/plexus-classworlds-1.2-alpha-12.jar" name="java.class.path"/>
    <property value="1" name="env.JAVA_STARTED_ON_FIRST_THREAD_167"/>
    <property value="Java Virtual Machine Specification" name="java.vm.specification.name"/>
    <property value="1.0" name="java.vm.specification.version"/>
    <property value="/Network/Servers/doom.micromata.priv/Users/mgross/development/workspace_hibernateHistory/.metadata/.plugins/org.maven.ide.eclipse/workspacestate.properties" name="m2eclipse.workspace.state"/>
    <property value="little" name="sun.cpu.endian"/>
    <property value="unknown" name="sun.os.patch.level"/>
    <property value="/Network/Servers/doom.micromata.priv/Users/mgross" name="env.HOME"/>
    <property value="/Network/Servers/doom.micromata.priv/Users/mgross/development/workspace_hibernateHistory/hibernate-history/target/test-classes:/Network/Servers/doom.micromata.priv/Users/mgross/development/workspace_hibernateHistory/hibernate-history/target/classes:/Network/Servers/doom.micromata.priv/Users/mgross/.m2/repository/org/hibernate/hibernate/3.2.2.ga/hibernate-3.2.2.ga.jar:/Network/Servers/doom.micromata.priv/Users/mgross/.m2/repository/net/sf/ehcache/ehcache/1.2.3/ehcache-1.2.3.jar:/Network/Servers/doom.micromata.priv/Users/mgross/.m2/repository/commons-logging/commons-logging/1.0.4/commons-logging-1.0.4.jar:/Network/Servers/doom.micromata.priv/Users/mgross/.m2/repository/commons-collections/commons-collections/3.1/commons-collections-3.1.jar:/Network/Servers/doom.micromata.priv/Users/mgross/.m2/repository/javax/transaction/jta/1.0.1B/jta-1.0.1B.jar:/Network/Servers/doom.micromata.priv/Users/mgross/.m2/repository/asm/asm-attrs/1.5.3/asm-attrs-1.5.3.jar:/Network/Servers/doom.micromata.priv/Users/mgross/.m2/repository/dom4j/dom4j/1.6.1/dom4j-1.6.1.jar:/Network/Servers/doom.micromata.priv/Users/mgross/.m2/repository/jaxme/jaxme-api/0.3/jaxme-api-0.3.jar:/Network/Servers/doom.micromata.priv/Users/mgross/.m2/repository/jaxen/jaxen/1.1-beta-6/jaxen-1.1-beta-6.jar:/Network/Servers/doom.micromata.priv/Users/mgross/.m2/repository/msv/xsdlib/20030807/xsdlib-20030807.jar:/Network/Servers/doom.micromata.priv/Users/mgross/.m2/repository/msv/relaxngDatatype/20030807/relaxngDatatype-20030807.jar:/Network/Servers/doom.micromata.priv/Users/mgross/.m2/repository/xpp3/xpp3/1.1.3.3/xpp3-1.1.3.3.jar:/Network/Servers/doom.micromata.priv/Users/mgross/.m2/repository/stax/stax-api/1.0/stax-api-1.0.jar:/Network/Servers/doom.micromata.priv/Users/mgross/.m2/repository/antlr/antlr/2.7.6/antlr-2.7.6.jar:/Network/Servers/doom.micromata.priv/Users/mgross/.m2/repository/cglib/cglib/2.1_3/cglib-2.1_3.jar:/Network/Servers/doom.micromata.priv/Users/mgross/.m2/repository/asm/asm/1.5.3/asm-1.5.3.jar:/Network/Servers/doom.micromata.priv/Users/mgross/.m2/repository/org/hibernate/hibernate-annotations/3.2.1.ga/hibernate-annotations-3.2.1.ga.jar:/Network/Servers/doom.micromata.priv/Users/mgross/.m2/repository/javax/persistence/persistence-api/1.0/persistence-api-1.0.jar:/Network/Servers/doom.micromata.priv/Users/mgross/.m2/repository/commons-beanutils/commons-beanutils/1.7.0/commons-beanutils-1.7.0.jar:/Network/Servers/doom.micromata.priv/Users/mgross/.m2/repository/commons-lang/commons-lang/2.1/commons-lang-2.1.jar:/Network/Servers/doom.micromata.priv/Users/mgross/.m2/repository/xstream/xstream/1.1.3/xstream-1.1.3.jar:/Network/Servers/doom.micromata.priv/Users/mgross/.m2/repository/org/springframework/spring/1.2.8/spring-1.2.8.jar:/Network/Servers/doom.micromata.priv/Users/mgross/.m2/repository/javax/servlet/servlet-api/2.4/servlet-api-2.4.jar:/Network/Servers/doom.micromata.priv/Users/mgross/.m2/repository/javax/servlet/jsp-api/2.0/jsp-api-2.0.jar:/Network/Servers/doom.micromata.priv/Users/mgross/.m2/repository/commons-dbcp/commons-dbcp/1.2.1/commons-dbcp-1.2.1.jar:/Network/Servers/doom.micromata.priv/Users/mgross/.m2/repository/commons-pool/commons-pool/1.2/commons-pool-1.2.jar:/Network/Servers/doom.micromata.priv/Users/mgross/.m2/repository/xml-apis/xml-apis/1.0.b2/xml-apis-1.0.b2.jar:/Network/Servers/doom.micromata.priv/Users/mgross/.m2/repository/xerces/xerces/2.0.2/xerces-2.0.2.jar:/Network/Servers/doom.micromata.priv/Users/mgross/.m2/repository/log4j/log4j/1.2.8/log4j-1.2.8.jar:/Network/Servers/doom.micromata.priv/Users/mgross/.m2/repository/junit/junit/3.8.1/junit-3.8.1.jar:/Network/Servers/doom.micromata.priv/Users/mgross/.m2/repository/hsqldb/hsqldb/1.8.0.1/hsqldb-1.8.0.1.jar:" name="surefire.test.class.path"/>
    <property value="/tmp" name="java.io.tmpdir"/>
    <property value="http://bugreport.apple.com/" name="java.vendor.url.bug"/>
    <property value="/tmp/launch-aMdAk7/Listeners" name="env.SSH_AUTH_SOCK"/>
    <property value="legacy" name="env.COMMAND_MODE"/>
    <property value="i386" name="os.arch"/>
    <property value="apple.awt.CGraphicsEnvironment" name="java.awt.graphicsenv"/>
    <property value="/Library/Java/Extensions:/System/Library/Java/Extensions:/System/Library/Frameworks/JavaVM.framework/Versions/1.5.0/Home/lib/ext" name="java.ext.dirs"/>
    <property value="/Network/Servers/doom.micromata.priv/Users/mgross/development/workspace_hibernateHistory/hibernate-history" name="user.dir"/>
    <property value="1050.1.5.0_16-284" name="mrj.version"/>
    <property value="../Resources/Eclipse.icns" name="env.APP_ICON_285"/>
    <property value="
" name="line.separator"/>
    <property value="Java HotSpot(TM) Client VM" name="java.vm.name"/>
    <property value="/Network/Servers/doom.micromata.priv/Users/mgross/development/workspace_hibernateHistory/hibernate-history" name="basedir"/>
    <property value="true" name="maven.mode.standalone"/>
    <property value="MacRoman" name="file.encoding"/>
    <property value="1.5" name="java.specification.version"/>
  </properties>
  <testcase classname="de.micromata.hib3.model.UserTest" time="0.2" name="testSessionFactory"/>
  <testcase classname="de.micromata.hib3.model.UserTest" time="0.084" name="testAdapter"/>
</testsuite>